2017-12-07 20:00:08.304  INFO 6604 --- [main] com.dsa.Application                      : Starting Application on NIDIGIABURU8881 with PID 6604 (C:\Users\aburu\Projects\Recommendation-Engine\SpringBoot\target\classes started by aburu in C:\Users\aburu\Projects\Recommendation-Engine\SpringBoot)
2017-12-07 20:00:08.311  INFO 6604 --- [main] com.dsa.Application                      : No active profile set, falling back to default profiles: default
2017-12-07 20:00:18.487  INFO 6604 --- [main] ationConfigEmbeddedWebApplicationContext : Refreshing org.springframework.boot.context.embedded.AnnotationConfigEmbeddedWebApplicationContext@5a4aa2f2: startup date [Thu Dec 07 20:00:18 SGT 2017]; root of context hierarchy
2017-12-07 20:00:22.434  INFO 6604 --- [main] trationDelegate$BeanPostProcessorChecker : Bean 'org.springframework.ws.config.annotation.DelegatingWsConfiguration' of type [org.springframework.ws.config.annotation.DelegatingWsConfiguration$$EnhancerBySpringCGLIB$$44695ace] is not eligible for getting processed by all BeanPostProcessors (for example: not eligible for auto-proxying)
2017-12-07 20:00:22.554  INFO 6604 --- [main] .w.s.a.s.AnnotationActionEndpointMapping : Supporting [WS-Addressing August 2004, WS-Addressing 1.0]
2017-12-07 20:00:23.635  INFO 6604 --- [main] s.b.c.e.t.TomcatEmbeddedServletContainer : Tomcat initialized with port(s): 8090 (http)
2017-12-07 20:00:23.659  INFO 6604 --- [main] o.apache.catalina.core.StandardService   : Starting service [Tomcat]
2017-12-07 20:00:23.663  INFO 6604 --- [main] org.apache.catalina.core.StandardEngine  : Starting Servlet Engine: Apache Tomcat/8.5.23
2017-12-07 20:00:23.818  INFO 6604 --- [localhost-startStop-1] o.a.c.c.C.[Tomcat].[localhost].[/]       : Initializing Spring embedded WebApplicationContext
2017-12-07 20:00:23.819  INFO 6604 --- [localhost-startStop-1] o.s.web.context.ContextLoader            : Root WebApplicationContext: initialization completed in 5344 ms
2017-12-07 20:00:24.072  INFO 6604 --- [localhost-startStop-1] o.s.b.w.servlet.FilterRegistrationBean   : Mapping filter: 'characterEncodingFilter' to: [/*]
2017-12-07 20:00:24.073  INFO 6604 --- [localhost-startStop-1] o.s.b.w.servlet.FilterRegistrationBean   : Mapping filter: 'hiddenHttpMethodFilter' to: [/*]
2017-12-07 20:00:24.076  INFO 6604 --- [localhost-startStop-1] o.s.b.w.servlet.FilterRegistrationBean   : Mapping filter: 'httpPutFormContentFilter' to: [/*]
2017-12-07 20:00:24.079  INFO 6604 --- [localhost-startStop-1] o.s.b.w.servlet.FilterRegistrationBean   : Mapping filter: 'requestContextFilter' to: [/*]
2017-12-07 20:00:24.084  INFO 6604 --- [localhost-startStop-1] .s.DelegatingFilterProxyRegistrationBean : Mapping filter: 'springSecurityFilterChain' to: [/*]
2017-12-07 20:00:24.086  INFO 6604 --- [localhost-startStop-1] o.s.b.w.servlet.ServletRegistrationBean  : Mapping servlet: 'dispatcherServlet' to [/]
2017-12-07 20:00:24.090  INFO 6604 --- [localhost-startStop-1] o.s.b.w.servlet.ServletRegistrationBean  : Mapping servlet: 'messageDispatcherServlet' to [/services/*]
2017-12-07 20:00:24.582  INFO 6604 --- [main] s.w.s.m.m.a.RequestMappingHandlerAdapter : Looking for @ControllerAdvice: org.springframework.boot.context.embedded.AnnotationConfigEmbeddedWebApplicationContext@5a4aa2f2: startup date [Thu Dec 07 20:00:18 SGT 2017]; root of context hierarchy
2017-12-07 20:00:24.682  INFO 6604 --- [main] s.w.s.m.m.a.RequestMappingHandlerMapping : Mapped "{[/],methods=[POST],consumes=[application/json],produces=[application/json]}" onto public org.springframework.http.HttpEntity<java.lang.String> com.dsa.controller.CustomerController.create(com.dsa.domain.Customer)
2017-12-07 20:00:24.686  INFO 6604 --- [main] s.w.s.m.m.a.RequestMappingHandlerMapping : Mapped "{[/error]}" onto public org.springframework.http.ResponseEntity<java.util.Map<java.lang.String, java.lang.Object>> org.springframework.boot.autoconfigure.web.BasicErrorController.error(javax.servlet.http.HttpServletRequest)
2017-12-07 20:00:24.687  INFO 6604 --- [main] s.w.s.m.m.a.RequestMappingHandlerMapping : Mapped "{[/error],produces=[text/html]}" onto public org.springframework.web.servlet.ModelAndView org.springframework.boot.autoconfigure.web.BasicErrorController.errorHtml(javax.servlet.http.HttpServletRequest,javax.servlet.http.HttpServletResponse)
2017-12-07 20:00:24.731  INFO 6604 --- [main] o.s.w.s.handler.SimpleUrlHandlerMapping  : Mapped URL path [/webjars/**] onto handler of type [class org.springframework.web.servlet.resource.ResourceHttpRequestHandler]
2017-12-07 20:00:24.732  INFO 6604 --- [main] o.s.w.s.handler.SimpleUrlHandlerMapping  : Mapped URL path [/**] onto handler of type [class org.springframework.web.servlet.resource.ResourceHttpRequestHandler]
2017-12-07 20:00:24.750  INFO 6604 --- [main] .m.m.a.ExceptionHandlerExceptionResolver : Detected @ExceptionHandler methods in customRestExceptionHandler
2017-12-07 20:00:24.782  INFO 6604 --- [main] o.s.w.s.handler.SimpleUrlHandlerMapping  : Mapped URL path [/**/favicon.ico] onto handler of type [class org.springframework.web.servlet.resource.ResourceHttpRequestHandler]
2017-12-07 20:00:25.083  INFO 6604 --- [main] b.a.s.AuthenticationManagerConfiguration : 

Using default security password: dde76640-21d7-47dd-bb22-af410e89500a

2017-12-07 20:00:25.168  INFO 6604 --- [main] o.s.s.web.DefaultSecurityFilterChain     : Creating filter chain: OrRequestMatcher [requestMatchers=[Ant [pattern='/css/**'], Ant [pattern='/js/**'], Ant [pattern='/images/**'], Ant [pattern='/webjars/**'], Ant [pattern='/**/favicon.ico'], Ant [pattern='/error']]], []
2017-12-07 20:00:25.361  INFO 6604 --- [main] o.s.s.web.DefaultSecurityFilterChain     : Creating filter chain: OrRequestMatcher [requestMatchers=[Ant [pattern='/**']]], [org.springframework.security.web.context.request.async.WebAsyncManagerIntegrationFilter@2d746ce4, org.springframework.security.web.context.SecurityContextPersistenceFilter@2b8bd14b, org.springframework.security.web.header.HeaderWriterFilter@62e6a3ec, org.springframework.security.web.authentication.logout.LogoutFilter@7bb004b8, org.springframework.security.web.authentication.www.BasicAuthenticationFilter@1e6cc850, org.springframework.security.web.savedrequest.RequestCacheAwareFilter@5f303ecd, org.springframework.security.web.servletapi.SecurityContextHolderAwareRequestFilter@260f2144, org.springframework.security.web.authentication.AnonymousAuthenticationFilter@5dbf5634, org.springframework.security.web.session.SessionManagementFilter@770b3be0, org.springframework.security.web.access.ExceptionTranslationFilter@2e380628, org.springframework.security.web.access.intercept.FilterSecurityInterceptor@5af97169]
2017-12-07 20:00:25.646  INFO 6604 --- [main] o.s.j.e.a.AnnotationMBeanExporter        : Registering beans for JMX exposure on startup
2017-12-07 20:00:25.757  INFO 6604 --- [main] s.b.c.e.t.TomcatEmbeddedServletContainer : Tomcat started on port(s): 8090 (http)
2017-12-07 20:00:25.768  INFO 6604 --- [main] com.dsa.Application                      : Started Application in 18.307 seconds (JVM running for 20.189)
2017-12-07 20:06:33.283  INFO 8880 --- [main] com.dsa.Application                      : Starting Application on NIDIGIABURU8881 with PID 8880 (C:\Users\aburu\Projects\Recommendation-Engine\SpringBoot\target\classes started by aburu in C:\Users\aburu\Projects\Recommendation-Engine\SpringBoot)
2017-12-07 20:06:33.288  INFO 8880 --- [main] com.dsa.Application                      : No active profile set, falling back to default profiles: default
2017-12-07 20:06:33.456  INFO 8880 --- [main] ationConfigEmbeddedWebApplicationContext : Refreshing org.springframework.boot.context.embedded.AnnotationConfigEmbeddedWebApplicationContext@5a4aa2f2: startup date [Thu Dec 07 20:06:33 SGT 2017]; root of context hierarchy
2017-12-07 20:06:35.759  INFO 8880 --- [main] trationDelegate$BeanPostProcessorChecker : Bean 'org.springframework.ws.config.annotation.DelegatingWsConfiguration' of type [org.springframework.ws.config.annotation.DelegatingWsConfiguration$$EnhancerBySpringCGLIB$$39b8d074] is not eligible for getting processed by all BeanPostProcessors (for example: not eligible for auto-proxying)
2017-12-07 20:06:35.809  INFO 8880 --- [main] .w.s.a.s.AnnotationActionEndpointMapping : Supporting [WS-Addressing August 2004, WS-Addressing 1.0]
2017-12-07 20:06:36.543  INFO 8880 --- [main] s.b.c.e.t.TomcatEmbeddedServletContainer : Tomcat initialized with port(s): 8090 (http)
2017-12-07 20:06:36.559  INFO 8880 --- [main] o.apache.catalina.core.StandardService   : Starting service [Tomcat]
2017-12-07 20:06:36.561  INFO 8880 --- [main] org.apache.catalina.core.StandardEngine  : Starting Servlet Engine: Apache Tomcat/8.5.23
2017-12-07 20:06:36.738  INFO 8880 --- [localhost-startStop-1] o.a.c.c.C.[Tomcat].[localhost].[/]       : Initializing Spring embedded WebApplicationContext
2017-12-07 20:06:36.738  INFO 8880 --- [localhost-startStop-1] o.s.web.context.ContextLoader            : Root WebApplicationContext: initialization completed in 3287 ms
2017-12-07 20:06:36.983  INFO 8880 --- [localhost-startStop-1] o.s.b.w.servlet.FilterRegistrationBean   : Mapping filter: 'characterEncodingFilter' to: [/*]
2017-12-07 20:06:36.984  INFO 8880 --- [localhost-startStop-1] o.s.b.w.servlet.FilterRegistrationBean   : Mapping filter: 'hiddenHttpMethodFilter' to: [/*]
2017-12-07 20:06:36.986  INFO 8880 --- [localhost-startStop-1] o.s.b.w.servlet.FilterRegistrationBean   : Mapping filter: 'httpPutFormContentFilter' to: [/*]
2017-12-07 20:06:36.987  INFO 8880 --- [localhost-startStop-1] o.s.b.w.servlet.FilterRegistrationBean   : Mapping filter: 'requestContextFilter' to: [/*]
2017-12-07 20:06:36.988  INFO 8880 --- [localhost-startStop-1] .s.DelegatingFilterProxyRegistrationBean : Mapping filter: 'springSecurityFilterChain' to: [/*]
2017-12-07 20:06:36.989  INFO 8880 --- [localhost-startStop-1] o.s.b.w.servlet.ServletRegistrationBean  : Mapping servlet: 'dispatcherServlet' to [/]
2017-12-07 20:06:36.993  INFO 8880 --- [localhost-startStop-1] o.s.b.w.servlet.ServletRegistrationBean  : Mapping servlet: 'messageDispatcherServlet' to [/services/*]
2017-12-07 20:06:37.488  INFO 8880 --- [main] s.w.s.m.m.a.RequestMappingHandlerAdapter : Looking for @ControllerAdvice: org.springframework.boot.context.embedded.AnnotationConfigEmbeddedWebApplicationContext@5a4aa2f2: startup date [Thu Dec 07 20:06:33 SGT 2017]; root of context hierarchy
2017-12-07 20:06:37.577  INFO 8880 --- [main] s.w.s.m.m.a.RequestMappingHandlerMapping : Mapped "{[/],methods=[POST],consumes=[application/json],produces=[application/json]}" onto public org.springframework.http.HttpEntity<java.lang.String> com.dsa.controller.CustomerController.create(com.dsa.domain.Customer)
2017-12-07 20:06:37.580  INFO 8880 --- [main] s.w.s.m.m.a.RequestMappingHandlerMapping : Mapped "{[/error]}" onto public org.springframework.http.ResponseEntity<java.util.Map<java.lang.String, java.lang.Object>> org.springframework.boot.autoconfigure.web.BasicErrorController.error(javax.servlet.http.HttpServletRequest)
2017-12-07 20:06:37.581  INFO 8880 --- [main] s.w.s.m.m.a.RequestMappingHandlerMapping : Mapped "{[/error],produces=[text/html]}" onto public org.springframework.web.servlet.ModelAndView org.springframework.boot.autoconfigure.web.BasicErrorController.errorHtml(javax.servlet.http.HttpServletRequest,javax.servlet.http.HttpServletResponse)
2017-12-07 20:06:37.618  INFO 8880 --- [main] o.s.w.s.handler.SimpleUrlHandlerMapping  : Mapped URL path [/webjars/**] onto handler of type [class org.springframework.web.servlet.resource.ResourceHttpRequestHandler]
2017-12-07 20:06:37.619  INFO 8880 --- [main] o.s.w.s.handler.SimpleUrlHandlerMapping  : Mapped URL path [/**] onto handler of type [class org.springframework.web.servlet.resource.ResourceHttpRequestHandler]
2017-12-07 20:06:37.636  INFO 8880 --- [main] .m.m.a.ExceptionHandlerExceptionResolver : Detected @ExceptionHandler methods in customRestExceptionHandler
2017-12-07 20:06:37.669  INFO 8880 --- [main] o.s.w.s.handler.SimpleUrlHandlerMapping  : Mapped URL path [/**/favicon.ico] onto handler of type [class org.springframework.web.servlet.resource.ResourceHttpRequestHandler]
2017-12-07 20:06:37.962  INFO 8880 --- [main] b.a.s.AuthenticationManagerConfiguration : 

Using default security password: 4e954bdc-1490-4f41-bcc0-ce817fc3971d

2017-12-07 20:06:38.018  INFO 8880 --- [main] o.s.s.web.DefaultSecurityFilterChain     : Creating filter chain: OrRequestMatcher [requestMatchers=[Ant [pattern='/css/**'], Ant [pattern='/js/**'], Ant [pattern='/images/**'], Ant [pattern='/webjars/**'], Ant [pattern='/**/favicon.ico'], Ant [pattern='/error']]], []
2017-12-07 20:06:38.100  INFO 8880 --- [main] o.s.s.web.DefaultSecurityFilterChain     : Creating filter chain: OrRequestMatcher [requestMatchers=[Ant [pattern='/**']]], [org.springframework.security.web.context.request.async.WebAsyncManagerIntegrationFilter@77b9d0c7, org.springframework.security.web.context.SecurityContextPersistenceFilter@3c0036b, org.springframework.security.web.header.HeaderWriterFilter@26ae880a, org.springframework.security.web.authentication.logout.LogoutFilter@108531c2, org.springframework.security.web.authentication.www.BasicAuthenticationFilter@73ab3aac, org.springframework.security.web.savedrequest.RequestCacheAwareFilter@7ac9af2a, org.springframework.security.web.servletapi.SecurityContextHolderAwareRequestFilter@17d2ed1b, org.springframework.security.web.authentication.AnonymousAuthenticationFilter@65fd6708, org.springframework.security.web.session.SessionManagementFilter@58399d82, org.springframework.security.web.access.ExceptionTranslationFilter@25a73de1, org.springframework.security.web.access.intercept.FilterSecurityInterceptor@39109136]
2017-12-07 20:06:38.277  INFO 8880 --- [main] o.s.j.e.a.AnnotationMBeanExporter        : Registering beans for JMX exposure on startup
2017-12-07 20:06:38.361  INFO 8880 --- [main] s.b.c.e.t.TomcatEmbeddedServletContainer : Tomcat started on port(s): 8090 (http)
2017-12-07 20:06:38.369  INFO 8880 --- [main] com.dsa.Application                      : Started Application in 5.664 seconds (JVM running for 6.596)
